<?xml version="1.0" encoding="UTF-8"?>
<!-- Generated by org.testng.reporters.JUnitReportReporter -->
<testsuite skipped="0" hostname="WKSSDS003" name="com.xqt.group1.practise.NewTest" tests="1" failures="0" timestamp="17 Dec 2018 09:40:22 GMT" time="0.009" errors="0">
  <testcase name="f" time="0.009" classname="com.xqt.group1.practise.NewTest"/>
</testsuite> <!-- com.xqt.group1.practise.NewTest -->
