<?xml version="1.0" encoding="UTF-8"?>
<!-- Generated by org.testng.reporters.JUnitReportReporter -->
<testsuite skipped="0" hostname="WKSSDS003" name="com.xqt.group1.practise.a" tests="1" failures="0" timestamp="20 Dec 2018 10:49:23 GMT" time="0.007" errors="0">
  <testcase name="test" time="0.007" classname="com.xqt.group1.practise.a"/>
</testsuite> <!-- com.xqt.group1.practise.a -->
