<?xml version="1.0" encoding="UTF-8"?>
<!-- Generated by org.testng.reporters.JUnitReportReporter -->
<testsuite skipped="0" hostname="WKSSDS003" name="com.xqt.group1.practise.test" tests="1" failures="0" timestamp="20 Dec 2018 11:45:46 GMT" time="12.290" errors="0">
  <testcase name="f" time="12.290" classname="com.xqt.group1.practise.test"/>
</testsuite> <!-- com.xqt.group1.practise.test -->
