<?xml version="1.0" encoding="UTF-8"?>
<!-- Generated by org.testng.reporters.JUnitReportReporter -->
<testsuite skipped="0" hostname="WKSSDS003" name="com.xqt.group1.practise.asas" tests="1" failures="0" timestamp="20 Dec 2018 08:29:16 GMT" time="0.011" errors="0">
  <testcase name="run" time="0.011" classname="com.xqt.group1.practise.asas"/>
</testsuite> <!-- com.xqt.group1.practise.asas -->
